This file contains any messages produced by compilers while
running configure, to aid debugging if configure makes a mistake.

It was created by configure, which was
generated by GNU Autoconf 2.61.  Invocation command line was

  $ ./configure 

## --------- ##
## Platform. ##
## --------- ##

hostname = Chipilo
uname -m = i686
uname -r = 1.0.11(0.46/3/2)
uname -s = MINGW32_NT-6.1
uname -v = 2009-07-11 17:46

/usr/bin/uname -p = unknown
/bin/uname -X     = unknown

/bin/arch              = unknown
/usr/bin/arch -k       = unknown
/usr/convex/getsysinfo = unknown
/usr/bin/hostinfo      = unknown
/bin/machine           = unknown
/usr/bin/oslevel       = unknown
/bin/universe          = unknown

PATH: .
PATH: /usr/local/bin
PATH: /mingw/bin
PATH: /bin
PATH: /c/ProgramData/Oracle/Java/javapath
PATH: /c/Program Files (x86)/Intel/iCLS Client/
PATH: /c/Program Files/Intel/iCLS Client/
PATH: /c/Windows/system32
PATH: /c/Windows
PATH: /c/Windows/System32/Wbem
PATH: /c/Windows/System32/WindowsPowerShell/v1.0/
PATH: /c/Program Files/Intel/Intel(R) Management Engine Components/DAL
PATH: /c/Program Files/Intel/Intel(R) Management Engine Components/IPT
PATH: /c/Program Files (x86)/Intel/Intel(R) Management Engine Components/DAL
PATH: /c/Program Files (x86)/Intel/Intel(R) Management Engine Components/IPT
PATH: /c/Program Files (x86)/Common Files/Ulead Systems/MPEG
PATH: /c/SWTOOLS/ReadyApps
PATH: /c/Program Files (x86)/Common Files/Lenovo
PATH: /c/Program Files/Intel/WiFi/bin/
PATH: /c/Program Files/Common Files/Intel/WirelessCommon/
PATH: /c/Program Files (x86)/Lenovo/Access Connections/
PATH: /c/Program Files (x86)/Intel/OpenCL SDK/3.0/bin/x86
PATH: /c/Program Files (x86)/Intel/OpenCL SDK/3.0/bin/x64
PATH: /c/Program Files/Intel/WiFi/bin/
PATH: /c/Program Files/Common Files/Intel/WirelessCommon/


## ----------- ##
## Core tests. ##
## ----------- ##

configure:2097: checking for gcc
configure:2113: found /mingw/bin/gcc
configure:2124: result: gcc
configure:2362: checking for C compiler version
configure:2369: gcc --version >&5
gcc.exe (GCC) 3.4.2 (mingw-special)
Copyright (C) 2004 Free Software Foundation, Inc.
This is free software; see the source for copying conditions.  There is NO
warranty; not even for MERCHANTABILITY or FITNESS FOR A PARTICULAR PURPOSE.

configure:2372: $? = 0
configure:2379: gcc -v >&5
Reading specs from c:/mingw/bin/../lib/gcc/mingw32/3.4.2/specs
Configured with: ../gcc/configure --with-gcc --with-gnu-ld --with-gnu-as --host=mingw32 --target=mingw32 --prefix=/mingw --enable-threads --disable-nls --enable-languages=c,c++,f77,ada,objc,java --disable-win32-registry --disable-shared --enable-sjlj-exceptions --enable-libgcj --disable-java-awt --without-x --enable-java-gc=boehm --disable-libgcj-debug --enable-interpreter --enable-hash-synchronization --enable-libstdcxx-debug
Thread model: win32
gcc version 3.4.2 (mingw-special)
configure:2382: $? = 0
configure:2389: gcc -V >&5
gcc.exe: `-V' option must have argument
configure:2392: $? = 1
configure:2415: checking for C compiler default output file name
configure:2442: gcc  -mno-cygwin  -mno-cygwin  -mno-cygwin conftest.c  >&5
configure:2445: $? = 0
configure:2483: result: a.exe
configure:2500: checking whether the C compiler works
configure:2510: ./a.exe
configure:2513: $? = 0
configure:2530: result: yes
configure:2537: checking whether we are cross compiling
configure:2539: result: no
configure:2542: checking for suffix of executables
configure:2549: gcc -o conftest.exe  -mno-cygwin  -mno-cygwin  -mno-cygwin conftest.c  >&5
configure:2552: $? = 0
configure:2576: result: .exe
configure:2582: checking for suffix of object files
configure:2608: gcc -c  -mno-cygwin  -mno-cygwin conftest.c >&5
configure:2611: $? = 0
configure:2634: result: o
configure:2638: checking whether we are using the GNU C compiler
configure:2667: gcc -c  -mno-cygwin  -mno-cygwin conftest.c >&5
configure:2673: $? = 0
configure:2690: result: yes
configure:2695: checking whether gcc accepts -g
configure:2725: gcc -c -g  -mno-cygwin conftest.c >&5
configure:2731: $? = 0
configure:2830: result: yes
configure:2847: checking for gcc option to accept ISO C89
configure:2921: gcc  -c  -mno-cygwin  -mno-cygwin conftest.c >&5
configure:2927: $? = 0
configure:2950: result: none needed
configure:3026: checking for g++
configure:3042: found /mingw/bin/g++
configure:3053: result: g++
configure:3084: checking for C++ compiler version
configure:3091: g++ --version >&5
g++.exe (GCC) 3.4.2 (mingw-special)
Copyright (C) 2004 Free Software Foundation, Inc.
This is free software; see the source for copying conditions.  There is NO
warranty; not even for MERCHANTABILITY or FITNESS FOR A PARTICULAR PURPOSE.

configure:3094: $? = 0
configure:3101: g++ -v >&5
Reading specs from c:/mingw/bin/../lib/gcc/mingw32/3.4.2/specs
Configured with: ../gcc/configure --with-gcc --with-gnu-ld --with-gnu-as --host=mingw32 --target=mingw32 --prefix=/mingw --enable-threads --disable-nls --enable-languages=c,c++,f77,ada,objc,java --disable-win32-registry --disable-shared --enable-sjlj-exceptions --enable-libgcj --disable-java-awt --without-x --enable-java-gc=boehm --disable-libgcj-debug --enable-interpreter --enable-hash-synchronization --enable-libstdcxx-debug
Thread model: win32
gcc version 3.4.2 (mingw-special)
configure:3104: $? = 0
configure:3111: g++ -V >&5
g++.exe: `-V' option must have argument
configure:3114: $? = 1
configure:3117: checking whether we are using the GNU C++ compiler
configure:3146: g++ -c  -mno-cygwin  -mno-cygwin conftest.cpp >&5
configure:3152: $? = 0
configure:3169: result: yes
configure:3174: checking whether g++ accepts -g
configure:3204: g++ -c -g  -mno-cygwin conftest.cpp >&5
configure:3210: $? = 0
configure:3309: result: yes
configure:3376: checking for a BSD-compatible install
configure:3432: result: /bin/install -c
configure:3454: checking for nroff
configure:3487: result: no
configure:3542: checking for htmldoc
configure:3575: result: no
configure:3624: checking for ranlib
configure:3640: found /mingw/bin/ranlib
configure:3651: result: ranlib
configure:3679: checking for ar
configure:3697: found /mingw/bin/ar
configure:3709: result: /mingw/bin/ar
configure:3738: checking how to run the C preprocessor
configure:3778: gcc -E  -mno-cygwin conftest.c
configure:3784: $? = 0
configure:3815: gcc -E  -mno-cygwin conftest.c
conftest.c:8:28: ac_nonexistent.h: No such file or directory
configure:3821: $? = 1
configure: failed program was:
| /* confdefs.h.  */
| #define PACKAGE_NAME ""
| #define PACKAGE_TARNAME ""
| #define PACKAGE_VERSION ""
| #define PACKAGE_STRING ""
| #define PACKAGE_BUGREPORT ""
| /* end confdefs.h.  */
| #include <ac_nonexistent.h>
configure:3854: result: gcc -E
configure:3883: gcc -E  -mno-cygwin conftest.c
configure:3889: $? = 0
configure:3920: gcc -E  -mno-cygwin conftest.c
conftest.c:8:28: ac_nonexistent.h: No such file or directory
configure:3926: $? = 1
configure: failed program was:
| /* confdefs.h.  */
| #define PACKAGE_NAME ""
| #define PACKAGE_TARNAME ""
| #define PACKAGE_VERSION ""
| #define PACKAGE_STRING ""
| #define PACKAGE_BUGREPORT ""
| /* end confdefs.h.  */
| #include <ac_nonexistent.h>
configure:3964: checking for grep that handles long lines and -e
configure:4038: result: /bin/grep
configure:4043: checking for egrep
configure:4121: result: /bin/grep -E
configure:4126: checking for ANSI C header files
configure:4156: gcc -c  -mno-cygwin  -mno-cygwin conftest.c >&5
configure:4162: $? = 0
configure:4258: gcc -o conftest.exe  -mno-cygwin  -mno-cygwin  -mno-cygwin conftest.c  >&5
configure:4261: $? = 0
configure:4267: ./conftest.exe
configure:4270: $? = 0
configure:4287: result: yes
configure:4311: checking for sys/types.h
configure:4332: gcc -c  -mno-cygwin  -mno-cygwin conftest.c >&5
configure:4338: $? = 0
configure:4354: result: yes
configure:4311: checking for sys/stat.h
configure:4332: gcc -c  -mno-cygwin  -mno-cygwin conftest.c >&5
configure:4338: $? = 0
configure:4354: result: yes
configure:4311: checking for stdlib.h
configure:4332: gcc -c  -mno-cygwin  -mno-cygwin conftest.c >&5
configure:4338: $? = 0
configure:4354: result: yes
configure:4311: checking for string.h
configure:4332: gcc -c  -mno-cygwin  -mno-cygwin conftest.c >&5
configure:4338: $? = 0
configure:4354: result: yes
configure:4311: checking for memory.h
configure:4332: gcc -c  -mno-cygwin  -mno-cygwin conftest.c >&5
configure:4338: $? = 0
configure:4354: result: yes
configure:4311: checking for strings.h
configure:4332: gcc -c  -mno-cygwin  -mno-cygwin conftest.c >&5
configure:4338: $? = 0
configure:4354: result: yes
configure:4311: checking for inttypes.h
configure:4332: gcc -c  -mno-cygwin  -mno-cygwin conftest.c >&5
configure:4338: $? = 0
configure:4354: result: yes
configure:4311: checking for stdint.h
configure:4332: gcc -c  -mno-cygwin  -mno-cygwin conftest.c >&5
configure:4338: $? = 0
configure:4354: result: yes
configure:4311: checking for unistd.h
configure:4332: gcc -c  -mno-cygwin  -mno-cygwin conftest.c >&5
configure:4338: $? = 0
configure:4354: result: yes
configure:4366: checking whether byte ordering is bigendian
configure:4398: gcc -c  -mno-cygwin  -mno-cygwin conftest.c >&5
configure:4404: $? = 0
configure:4436: gcc -c  -mno-cygwin  -mno-cygwin conftest.c >&5
conftest.c: In function `main':
conftest.c:25: error: `not' undeclared (first use in this function)
conftest.c:25: error: (Each undeclared identifier is reported only once
conftest.c:25: error: for each function it appears in.)
conftest.c:25: error: syntax error before "big"
configure:4442: $? = 1
configure: failed program was:
| /* confdefs.h.  */
| #define PACKAGE_NAME ""
| #define PACKAGE_TARNAME ""
| #define PACKAGE_VERSION ""
| #define PACKAGE_STRING ""
| #define PACKAGE_BUGREPORT ""
| #define STDC_HEADERS 1
| #define HAVE_SYS_TYPES_H 1
| #define HAVE_SYS_STAT_H 1
| #define HAVE_STDLIB_H 1
| #define HAVE_STRING_H 1
| #define HAVE_MEMORY_H 1
| #define HAVE_STRINGS_H 1
| #define HAVE_INTTYPES_H 1
| #define HAVE_STDINT_H 1
| #define HAVE_UNISTD_H 1
| /* end confdefs.h.  */
| #include <sys/types.h>
| #include <sys/param.h>
| 
| int
| main ()
| {
| #if BYTE_ORDER != BIG_ENDIAN
|  not big endian
| #endif
| 
|   ;
|   return 0;
| }
configure:4582: result: no
configure:4602: checking for short
configure:4632: gcc -c  -mno-cygwin  -mno-cygwin conftest.c >&5
configure:4638: $? = 0
configure:4653: result: yes
configure:4660: checking size of short
configure:4962: gcc -o conftest.exe  -mno-cygwin  -mno-cygwin  -mno-cygwin conftest.c  >&5
configure:4965: $? = 0
configure:4971: ./conftest.exe
configure:4974: $? = 0
configure:4997: result: 2
configure:5007: checking for int
configure:5037: gcc -c  -mno-cygwin  -mno-cygwin conftest.c >&5
configure:5043: $? = 0
configure:5058: result: yes
configure:5065: checking size of int
configure:5367: gcc -o conftest.exe  -mno-cygwin  -mno-cygwin  -mno-cygwin conftest.c  >&5
configure:5370: $? = 0
configure:5376: ./conftest.exe
configure:5379: $? = 0
configure:5402: result: 4
configure:5412: checking for long
configure:5442: gcc -c  -mno-cygwin  -mno-cygwin conftest.c >&5
configure:5448: $? = 0
configure:5463: result: yes
configure:5470: checking size of long
configure:5772: gcc -o conftest.exe  -mno-cygwin  -mno-cygwin  -mno-cygwin conftest.c  >&5
configure:5775: $? = 0
configure:5781: ./conftest.exe
configure:5784: $? = 0
configure:5807: result: 4
configure:5851: checking whether the compiler recognizes bool as a built-in type
configure:5892: g++ -c  -mno-cygwin  -mno-cygwin conftest.cpp >&5
configure:5898: $? = 0
configure:5920: result: yes
configure:5935: checking for dirent.h that defines DIR
configure:5964: gcc -c  -mno-cygwin  -mno-cygwin conftest.c >&5
configure:5970: $? = 0
configure:5986: result: yes
configure:5999: checking for library containing opendir
configure:6040: gcc -o conftest.exe  -mno-cygwin  -mno-cygwin  -mno-cygwin conftest.c  >&5
configure:6046: $? = 0
configure:6074: result: none required
configure:6178: checking sys/select.h usability
configure:6195: gcc -c  -mno-cygwin  -mno-cygwin conftest.c >&5
conftest.c:57:24: sys/select.h: No such file or directory
configure:6201: $? = 1
configure: failed program was:
| /* confdefs.h.  */
| #define PACKAGE_NAME ""
| #define PACKAGE_TARNAME ""
| #define PACKAGE_VERSION ""
| #define PACKAGE_STRING ""
| #define PACKAGE_BUGREPORT ""
| #define STDC_HEADERS 1
| #define HAVE_SYS_TYPES_H 1
| #define HAVE_SYS_STAT_H 1
| #define HAVE_STDLIB_H 1
| #define HAVE_STRING_H 1
| #define HAVE_MEMORY_H 1
| #define HAVE_STRINGS_H 1
| #define HAVE_INTTYPES_H 1
| #define HAVE_STDINT_H 1
| #define HAVE_UNISTD_H 1
| #define SIZEOF_SHORT 2
| #define SIZEOF_INT 4
| #define SIZEOF_LONG 4
| #define U16 unsigned short
| #define U32 unsigned
| #define HAVE_DIRENT_H 1
| /* end confdefs.h.  */
| #include <stdio.h>
| #ifdef HAVE_SYS_TYPES_H
| # include <sys/types.h>
| #endif
| #ifdef HAVE_SYS_STAT_H
| # include <sys/stat.h>
| #endif
| #ifdef STDC_HEADERS
| # include <stdlib.h>
| # include <stddef.h>
| #else
| # ifdef HAVE_STDLIB_H
| #  include <stdlib.h>
| # endif
| #endif
| #ifdef HAVE_STRING_H
| # if !defined STDC_HEADERS && defined HAVE_MEMORY_H
| #  include <memory.h>
| # endif
| # include <string.h>
| #endif
| #ifdef HAVE_STRINGS_H
| # include <strings.h>
| #endif
| #ifdef HAVE_INTTYPES_H
| # include <inttypes.h>
| #endif
| #ifdef HAVE_STDINT_H
| # include <stdint.h>
| #endif
| #ifdef HAVE_UNISTD_H
| # include <unistd.h>
| #endif
| #include <sys/select.h>
configure:6215: result: no
configure:6219: checking sys/select.h presence
configure:6234: gcc -E  -mno-cygwin conftest.c
conftest.c:24:24: sys/select.h: No such file or directory
configure:6240: $? = 1
configure: failed program was:
| /* confdefs.h.  */
| #define PACKAGE_NAME ""
| #define PACKAGE_TARNAME ""
| #define PACKAGE_VERSION ""
| #define PACKAGE_STRING ""
| #define PACKAGE_BUGREPORT ""
| #define STDC_HEADERS 1
| #define HAVE_SYS_TYPES_H 1
| #define HAVE_SYS_STAT_H 1
| #define HAVE_STDLIB_H 1
| #define HAVE_STRING_H 1
| #define HAVE_MEMORY_H 1
| #define HAVE_STRINGS_H 1
| #define HAVE_INTTYPES_H 1
| #define HAVE_STDINT_H 1
| #define HAVE_UNISTD_H 1
| #define SIZEOF_SHORT 2
| #define SIZEOF_INT 4
| #define SIZEOF_LONG 4
| #define U16 unsigned short
| #define U32 unsigned
| #define HAVE_DIRENT_H 1
| /* end confdefs.h.  */
| #include <sys/select.h>
configure:6254: result: no
configure:6282: checking for sys/select.h
configure:6289: result: no
configure:6311: checking sys/stdtypes.h usability
configure:6328: gcc -c  -mno-cygwin  -mno-cygwin conftest.c >&5
conftest.c:57:26: sys/stdtypes.h: No such file or directory
configure:6334: $? = 1
configure: failed program was:
| /* confdefs.h.  */
| #define PACKAGE_NAME ""
| #define PACKAGE_TARNAME ""
| #define PACKAGE_VERSION ""
| #define PACKAGE_STRING ""
| #define PACKAGE_BUGREPORT ""
| #define STDC_HEADERS 1
| #define HAVE_SYS_TYPES_H 1
| #define HAVE_SYS_STAT_H 1
| #define HAVE_STDLIB_H 1
| #define HAVE_STRING_H 1
| #define HAVE_MEMORY_H 1
| #define HAVE_STRINGS_H 1
| #define HAVE_INTTYPES_H 1
| #define HAVE_STDINT_H 1
| #define HAVE_UNISTD_H 1
| #define SIZEOF_SHORT 2
| #define SIZEOF_INT 4
| #define SIZEOF_LONG 4
| #define U16 unsigned short
| #define U32 unsigned
| #define HAVE_DIRENT_H 1
| /* end confdefs.h.  */
| #include <stdio.h>
| #ifdef HAVE_SYS_TYPES_H
| # include <sys/types.h>
| #endif
| #ifdef HAVE_SYS_STAT_H
| # include <sys/stat.h>
| #endif
| #ifdef STDC_HEADERS
| # include <stdlib.h>
| # include <stddef.h>
| #else
| # ifdef HAVE_STDLIB_H
| #  include <stdlib.h>
| # endif
| #endif
| #ifdef HAVE_STRING_H
| # if !defined STDC_HEADERS && defined HAVE_MEMORY_H
| #  include <memory.h>
| # endif
| # include <string.h>
| #endif
| #ifdef HAVE_STRINGS_H
| # include <strings.h>
| #endif
| #ifdef HAVE_INTTYPES_H
| # include <inttypes.h>
| #endif
| #ifdef HAVE_STDINT_H
| # include <stdint.h>
| #endif
| #ifdef HAVE_UNISTD_H
| # include <unistd.h>
| #endif
| #include <sys/stdtypes.h>
configure:6348: result: no
configure:6352: checking sys/stdtypes.h presence
configure:6367: gcc -E  -mno-cygwin conftest.c
conftest.c:24:26: sys/stdtypes.h: No such file or directory
configure:6373: $? = 1
configure: failed program was:
| /* confdefs.h.  */
| #define PACKAGE_NAME ""
| #define PACKAGE_TARNAME ""
| #define PACKAGE_VERSION ""
| #define PACKAGE_STRING ""
| #define PACKAGE_BUGREPORT ""
| #define STDC_HEADERS 1
| #define HAVE_SYS_TYPES_H 1
| #define HAVE_SYS_STAT_H 1
| #define HAVE_STDLIB_H 1
| #define HAVE_STRING_H 1
| #define HAVE_MEMORY_H 1
| #define HAVE_STRINGS_H 1
| #define HAVE_INTTYPES_H 1
| #define HAVE_STDINT_H 1
| #define HAVE_UNISTD_H 1
| #define SIZEOF_SHORT 2
| #define SIZEOF_INT 4
| #define SIZEOF_LONG 4
| #define U16 unsigned short
| #define U32 unsigned
| #define HAVE_DIRENT_H 1
| /* end confdefs.h.  */
| #include <sys/stdtypes.h>
configure:6387: result: no
configure:6415: checking for sys/stdtypes.h
configure:6422: result: no
configure:6434: checking for scandir
configure:6490: gcc -o conftest.exe  -mno-cygwin  -mno-cygwin  -mno-cygwin conftest.c  >&5
C:/Users/Sam/AppData/Local/Temp/ccMbhbaa.o(.text+0x2b):conftest.c: undefined reference to `scandir'
collect2: ld returned 1 exit status
configure:6496: $? = 1
configure: failed program was:
| /* confdefs.h.  */
| #define PACKAGE_NAME ""
| #define PACKAGE_TARNAME ""
| #define PACKAGE_VERSION ""
| #define PACKAGE_STRING ""
| #define PACKAGE_BUGREPORT ""
| #define STDC_HEADERS 1
| #define HAVE_SYS_TYPES_H 1
| #define HAVE_SYS_STAT_H 1
| #define HAVE_STDLIB_H 1
| #define HAVE_STRING_H 1
| #define HAVE_MEMORY_H 1
| #define HAVE_STRINGS_H 1
| #define HAVE_INTTYPES_H 1
| #define HAVE_STDINT_H 1
| #define HAVE_UNISTD_H 1
| #define SIZEOF_SHORT 2
| #define SIZEOF_INT 4
| #define SIZEOF_LONG 4
| #define U16 unsigned short
| #define U32 unsigned
| #define HAVE_DIRENT_H 1
| /* end confdefs.h.  */
| /* Define scandir to an innocuous variant, in case <limits.h> declares scandir.
|    For example, HP-UX 11i <limits.h> declares gettimeofday.  */
| #define scandir innocuous_scandir
| 
| /* System header to define __stub macros and hopefully few prototypes,
|     which can conflict with char scandir (); below.
|     Prefer <limits.h> to <assert.h> if __STDC__ is defined, since
|     <limits.h> exists even on freestanding compilers.  */
| 
| #ifdef __STDC__
| # include <limits.h>
| #else
| # include <assert.h>
| #endif
| 
| #undef scandir
| 
| /* Override any GCC internal prototype to avoid an error.
|    Use char because int might match the return type of a GCC
|    builtin and then its argument prototype would still apply.  */
| #ifdef __cplusplus
| extern "C"
| #endif
| char scandir ();
| /* The GNU C library defines this for functions which it implements
|     to always fail with ENOSYS.  Some functions are actually named
|     something starting with __ and the normal name is an alias.  */
| #if defined __stub_scandir || defined __stub___scandir
| choke me
| #endif
| 
| int
| main ()
| {
| return scandir ();
|   ;
|   return 0;
| }
configure:6513: result: no
configure:6527: checking for vsnprintf
configure:6583: gcc -o conftest.exe  -mno-cygwin  -mno-cygwin  -mno-cygwin conftest.c  >&5
conftest.c:47: warning: conflicting types for built-in function 'vsnprintf'
configure:6589: $? = 0
configure:6606: result: yes
configure:6644: checking for snprintf
configure:6700: gcc -o conftest.exe  -mno-cygwin  -mno-cygwin  -mno-cygwin conftest.c  >&5
conftest.c:48: warning: conflicting types for built-in function 'snprintf'
configure:6706: $? = 0
configure:6723: result: yes
configure:6762: checking for strings.h
configure:6767: result: yes
configure:6900: checking for strcasecmp
configure:6956: gcc -o conftest.exe  -mno-cygwin  -mno-cygwin  -mno-cygwin conftest.c  >&5
configure:6962: $? = 0
configure:6980: result: yes
configure:6900: checking for strlcat
configure:6956: gcc -o conftest.exe  -mno-cygwin  -mno-cygwin  -mno-cygwin conftest.c  >&5
C:/Users/Sam/AppData/Local/Temp/ccwDhbaa.o(.text+0x2b):conftest.c: undefined reference to `strlcat'
collect2: ld returned 1 exit status
configure:6962: $? = 1
configure: failed program was:
| /* confdefs.h.  */
| #define PACKAGE_NAME ""
| #define PACKAGE_TARNAME ""
| #define PACKAGE_VERSION ""
| #define PACKAGE_STRING ""
| #define PACKAGE_BUGREPORT ""
| #define STDC_HEADERS 1
| #define HAVE_SYS_TYPES_H 1
| #define HAVE_SYS_STAT_H 1
| #define HAVE_STDLIB_H 1
| #define HAVE_STRING_H 1
| #define HAVE_MEMORY_H 1
| #define HAVE_STRINGS_H 1
| #define HAVE_INTTYPES_H 1
| #define HAVE_STDINT_H 1
| #define HAVE_UNISTD_H 1
| #define SIZEOF_SHORT 2
| #define SIZEOF_INT 4
| #define SIZEOF_LONG 4
| #define U16 unsigned short
| #define U32 unsigned
| #define HAVE_DIRENT_H 1
| #define HAVE_VSNPRINTF 1
| #define HAVE_SNPRINTF 1
| #define HAVE_STRINGS_H 1
| #define HAVE_STRCASECMP 1
| /* end confdefs.h.  */
| /* Define strlcat to an innocuous variant, in case <limits.h> declares strlcat.
|    For example, HP-UX 11i <limits.h> declares gettimeofday.  */
| #define strlcat innocuous_strlcat
| 
| /* System header to define __stub macros and hopefully few prototypes,
|     which can conflict with char strlcat (); below.
|     Prefer <limits.h> to <assert.h> if __STDC__ is defined, since
|     <limits.h> exists even on freestanding compilers.  */
| 
| #ifdef __STDC__
| # include <limits.h>
| #else
| # include <assert.h>
| #endif
| 
| #undef strlcat
| 
| /* Override any GCC internal prototype to avoid an error.
|    Use char because int might match the return type of a GCC
|    builtin and then its argument prototype would still apply.  */
| #ifdef __cplusplus
| extern "C"
| #endif
| char strlcat ();
| /* The GNU C library defines this for functions which it implements
|     to always fail with ENOSYS.  Some functions are actually named
|     something starting with __ and the normal name is an alias.  */
| #if defined __stub_strlcat || defined __stub___strlcat
| choke me
| #endif
| 
| int
| main ()
| {
| return strlcat ();
|   ;
|   return 0;
| }
configure:6980: result: no
configure:6900: checking for strlcpy
configure:6956: gcc -o conftest.exe  -mno-cygwin  -mno-cygwin  -mno-cygwin conftest.c  >&5
C:/Users/Sam/AppData/Local/Temp/ccWQhbaa.o(.text+0x2b):conftest.c: undefined reference to `strlcpy'
collect2: ld returned 1 exit status
configure:6962: $? = 1
configure: failed program was:
| /* confdefs.h.  */
| #define PACKAGE_NAME ""
| #define PACKAGE_TARNAME ""
| #define PACKAGE_VERSION ""
| #define PACKAGE_STRING ""
| #define PACKAGE_BUGREPORT ""
| #define STDC_HEADERS 1
| #define HAVE_SYS_TYPES_H 1
| #define HAVE_SYS_STAT_H 1
| #define HAVE_STDLIB_H 1
| #define HAVE_STRING_H 1
| #define HAVE_MEMORY_H 1
| #define HAVE_STRINGS_H 1
| #define HAVE_INTTYPES_H 1
| #define HAVE_STDINT_H 1
| #define HAVE_UNISTD_H 1
| #define SIZEOF_SHORT 2
| #define SIZEOF_INT 4
| #define SIZEOF_LONG 4
| #define U16 unsigned short
| #define U32 unsigned
| #define HAVE_DIRENT_H 1
| #define HAVE_VSNPRINTF 1
| #define HAVE_SNPRINTF 1
| #define HAVE_STRINGS_H 1
| #define HAVE_STRCASECMP 1
| /* end confdefs.h.  */
| /* Define strlcpy to an innocuous variant, in case <limits.h> declares strlcpy.
|    For example, HP-UX 11i <limits.h> declares gettimeofday.  */
| #define strlcpy innocuous_strlcpy
| 
| /* System header to define __stub macros and hopefully few prototypes,
|     which can conflict with char strlcpy (); below.
|     Prefer <limits.h> to <assert.h> if __STDC__ is defined, since
|     <limits.h> exists even on freestanding compilers.  */
| 
| #ifdef __STDC__
| # include <limits.h>
| #else
| # include <assert.h>
| #endif
| 
| #undef strlcpy
| 
| /* Override any GCC internal prototype to avoid an error.
|    Use char because int might match the return type of a GCC
|    builtin and then its argument prototype would still apply.  */
| #ifdef __cplusplus
| extern "C"
| #endif
| char strlcpy ();
| /* The GNU C library defines this for functions which it implements
|     to always fail with ENOSYS.  Some functions are actually named
|     something starting with __ and the normal name is an alias.  */
| #if defined __stub_strlcpy || defined __stub___strlcpy
| choke me
| #endif
| 
| int
| main ()
| {
| return strlcpy ();
|   ;
|   return 0;
| }
configure:6980: result: no
configure:7001: checking locale.h usability
configure:7018: gcc -c  -mno-cygwin  -mno-cygwin conftest.c >&5
configure:7024: $? = 0
configure:7038: result: yes
configure:7042: checking locale.h presence
configure:7057: gcc -E  -mno-cygwin conftest.c
configure:7063: $? = 0
configure:7077: result: yes
configure:7105: checking for locale.h
configure:7112: result: yes
configure:7128: checking for localeconv
configure:7184: gcc -o conftest.exe  -mno-cygwin  -mno-cygwin  -mno-cygwin conftest.c  >&5
configure:7190: $? = 0
configure:7208: result: yes
configure:7219: checking for library containing pow
configure:7260: gcc -o conftest.exe  -mno-cygwin  -mno-cygwin  -mno-cygwin conftest.c  >&5
conftest.c:37: warning: conflicting types for built-in function 'pow'
configure:7266: $? = 0
configure:7294: result: none required
configure:7310: checking for special C compiler options needed for large files
configure:7403: result: no
configure:7409: checking for _FILE_OFFSET_BITS value needed for large files
configure:7444: gcc -c  -mno-cygwin  -mno-cygwin conftest.c >&5
conftest.c:36: warning: left shift count >= width of type
conftest.c:36: warning: left shift count >= width of type
conftest.c:38: error: size of array `off_t_is_large' is negative
configure:7450: $? = 1
configure: failed program was:
| /* confdefs.h.  */
| #define PACKAGE_NAME ""
| #define PACKAGE_TARNAME ""
| #define PACKAGE_VERSION ""
| #define PACKAGE_STRING ""
| #define PACKAGE_BUGREPORT ""
| #define STDC_HEADERS 1
| #define HAVE_SYS_TYPES_H 1
| #define HAVE_SYS_STAT_H 1
| #define HAVE_STDLIB_H 1
| #define HAVE_STRING_H 1
| #define HAVE_MEMORY_H 1
| #define HAVE_STRINGS_H 1
| #define HAVE_INTTYPES_H 1
| #define HAVE_STDINT_H 1
| #define HAVE_UNISTD_H 1
| #define SIZEOF_SHORT 2
| #define SIZEOF_INT 4
| #define SIZEOF_LONG 4
| #define U16 unsigned short
| #define U32 unsigned
| #define HAVE_DIRENT_H 1
| #define HAVE_VSNPRINTF 1
| #define HAVE_SNPRINTF 1
| #define HAVE_STRINGS_H 1
| #define HAVE_STRCASECMP 1
| #define HAVE_LOCALE_H 1
| #define HAVE_LOCALECONV 1
| /* end confdefs.h.  */
| #include <sys/types.h>
|  /* Check that off_t can represent 2**63 - 1 correctly.
|     We can't simply define LARGE_OFF_T to be 9223372036854775807,
|     since some C++ compilers masquerading as C compilers
|     incorrectly reject 9223372036854775807.  */
| #define LARGE_OFF_T (((off_t) 1 << 62) - 1 + ((off_t) 1 << 62))
|   int off_t_is_large[(LARGE_OFF_T % 2147483629 == 721
| 		       && LARGE_OFF_T % 2147483647 == 1)
| 		      ? 1 : -1];
| int
| main ()
| {
| 
|   ;
|   return 0;
| }
configure:7494: gcc -c  -mno-cygwin  -mno-cygwin conftest.c >&5
conftest.c:37: warning: left shift count >= width of type
conftest.c:37: warning: left shift count >= width of type
conftest.c:39: error: size of array `off_t_is_large' is negative
configure:7500: $? = 1
configure: failed program was:
| /* confdefs.h.  */
| #define PACKAGE_NAME ""
| #define PACKAGE_TARNAME ""
| #define PACKAGE_VERSION ""
| #define PACKAGE_STRING ""
| #define PACKAGE_BUGREPORT ""
| #define STDC_HEADERS 1
| #define HAVE_SYS_TYPES_H 1
| #define HAVE_SYS_STAT_H 1
| #define HAVE_STDLIB_H 1
| #define HAVE_STRING_H 1
| #define HAVE_MEMORY_H 1
| #define HAVE_STRINGS_H 1
| #define HAVE_INTTYPES_H 1
| #define HAVE_STDINT_H 1
| #define HAVE_UNISTD_H 1
| #define SIZEOF_SHORT 2
| #define SIZEOF_INT 4
| #define SIZEOF_LONG 4
| #define U16 unsigned short
| #define U32 unsigned
| #define HAVE_DIRENT_H 1
| #define HAVE_VSNPRINTF 1
| #define HAVE_SNPRINTF 1
| #define HAVE_STRINGS_H 1
| #define HAVE_STRCASECMP 1
| #define HAVE_LOCALE_H 1
| #define HAVE_LOCALECONV 1
| /* end confdefs.h.  */
| #define _FILE_OFFSET_BITS 64
| #include <sys/types.h>
|  /* Check that off_t can represent 2**63 - 1 correctly.
|     We can't simply define LARGE_OFF_T to be 9223372036854775807,
|     since some C++ compilers masquerading as C compilers
|     incorrectly reject 9223372036854775807.  */
| #define LARGE_OFF_T (((off_t) 1 << 62) - 1 + ((off_t) 1 << 62))
|   int off_t_is_large[(LARGE_OFF_T % 2147483629 == 721
| 		       && LARGE_OFF_T % 2147483647 == 1)
| 		      ? 1 : -1];
| int
| main ()
| {
| 
|   ;
|   return 0;
| }
configure:7518: result: unknown
configure:7530: checking for _LARGE_FILES value needed for large files
configure:7565: gcc -c  -mno-cygwin  -mno-cygwin conftest.c >&5
conftest.c:36: warning: left shift count >= width of type
conftest.c:36: warning: left shift count >= width of type
conftest.c:38: error: size of array `off_t_is_large' is negative
configure:7571: $? = 1
configure: failed program was:
| /* confdefs.h.  */
| #define PACKAGE_NAME ""
| #define PACKAGE_TARNAME ""
| #define PACKAGE_VERSION ""
| #define PACKAGE_STRING ""
| #define PACKAGE_BUGREPORT ""
| #define STDC_HEADERS 1
| #define HAVE_SYS_TYPES_H 1
| #define HAVE_SYS_STAT_H 1
| #define HAVE_STDLIB_H 1
| #define HAVE_STRING_H 1
| #define HAVE_MEMORY_H 1
| #define HAVE_STRINGS_H 1
| #define HAVE_INTTYPES_H 1
| #define HAVE_STDINT_H 1
| #define HAVE_UNISTD_H 1
| #define SIZEOF_SHORT 2
| #define SIZEOF_INT 4
| #define SIZEOF_LONG 4
| #define U16 unsigned short
| #define U32 unsigned
| #define HAVE_DIRENT_H 1
| #define HAVE_VSNPRINTF 1
| #define HAVE_SNPRINTF 1
| #define HAVE_STRINGS_H 1
| #define HAVE_STRCASECMP 1
| #define HAVE_LOCALE_H 1
| #define HAVE_LOCALECONV 1
| /* end confdefs.h.  */
| #include <sys/types.h>
|  /* Check that off_t can represent 2**63 - 1 correctly.
|     We can't simply define LARGE_OFF_T to be 9223372036854775807,
|     since some C++ compilers masquerading as C compilers
|     incorrectly reject 9223372036854775807.  */
| #define LARGE_OFF_T (((off_t) 1 << 62) - 1 + ((off_t) 1 << 62))
|   int off_t_is_large[(LARGE_OFF_T % 2147483629 == 721
| 		       && LARGE_OFF_T % 2147483647 == 1)
| 		      ? 1 : -1];
| int
| main ()
| {
| 
|   ;
|   return 0;
| }
configure:7615: gcc -c  -mno-cygwin  -mno-cygwin conftest.c >&5
conftest.c:37: warning: left shift count >= width of type
conftest.c:37: warning: left shift count >= width of type
conftest.c:39: error: size of array `off_t_is_large' is negative
configure:7621: $? = 1
configure: failed program was:
| /* confdefs.h.  */
| #define PACKAGE_NAME ""
| #define PACKAGE_TARNAME ""
| #define PACKAGE_VERSION ""
| #define PACKAGE_STRING ""
| #define PACKAGE_BUGREPORT ""
| #define STDC_HEADERS 1
| #define HAVE_SYS_TYPES_H 1
| #define HAVE_SYS_STAT_H 1
| #define HAVE_STDLIB_H 1
| #define HAVE_STRING_H 1
| #define HAVE_MEMORY_H 1
| #define HAVE_STRINGS_H 1
| #define HAVE_INTTYPES_H 1
| #define HAVE_STDINT_H 1
| #define HAVE_UNISTD_H 1
| #define SIZEOF_SHORT 2
| #define SIZEOF_INT 4
| #define SIZEOF_LONG 4
| #define U16 unsigned short
| #define U32 unsigned
| #define HAVE_DIRENT_H 1
| #define HAVE_VSNPRINTF 1
| #define HAVE_SNPRINTF 1
| #define HAVE_STRINGS_H 1
| #define HAVE_STRCASECMP 1
| #define HAVE_LOCALE_H 1
| #define HAVE_LOCALECONV 1
| /* end confdefs.h.  */
| #define _LARGE_FILES 1
| #include <sys/types.h>
|  /* Check that off_t can represent 2**63 - 1 correctly.
|     We can't simply define LARGE_OFF_T to be 9223372036854775807,
|     since some C++ compilers masquerading as C compilers
|     incorrectly reject 9223372036854775807.  */
| #define LARGE_OFF_T (((off_t) 1 << 62) - 1 + ((off_t) 1 << 62))
|   int off_t_is_large[(LARGE_OFF_T % 2147483629 == 721
| 		       && LARGE_OFF_T % 2147483647 == 1)
| 		      ? 1 : -1];
| int
| main ()
| {
| 
|   ;
|   return 0;
| }
configure:7639: result: unknown
configure:7668: checking for long long int
configure:7719: result: yes
configure:7729: checking for strtoll
configure:7785: gcc -o conftest.exe  -mno-cygwin  -mno-cygwin  -mno-cygwin conftest.c  >&5
configure:7791: $? = 0
configure:7808: result: yes
configure:7818: checking for library containing dlsym
configure:7859: gcc -o conftest.exe  -mno-cygwin  -mno-cygwin  -mno-cygwin conftest.c  >&5
C:/Users/Sam/AppData/Local/Temp/ccm0hbaa.o(.text+0x2b):conftest.c: undefined reference to `dlsym'
collect2: ld returned 1 exit status
configure:7865: $? = 1
configure: failed program was:
| /* confdefs.h.  */
| #define PACKAGE_NAME ""
| #define PACKAGE_TARNAME ""
| #define PACKAGE_VERSION ""
| #define PACKAGE_STRING ""
| #define PACKAGE_BUGREPORT ""
| #define STDC_HEADERS 1
| #define HAVE_SYS_TYPES_H 1
| #define HAVE_SYS_STAT_H 1
| #define HAVE_STDLIB_H 1
| #define HAVE_STRING_H 1
| #define HAVE_MEMORY_H 1
| #define HAVE_STRINGS_H 1
| #define HAVE_INTTYPES_H 1
| #define HAVE_STDINT_H 1
| #define HAVE_UNISTD_H 1
| #define SIZEOF_SHORT 2
| #define SIZEOF_INT 4
| #define SIZEOF_LONG 4
| #define U16 unsigned short
| #define U32 unsigned
| #define HAVE_DIRENT_H 1
| #define HAVE_VSNPRINTF 1
| #define HAVE_SNPRINTF 1
| #define HAVE_STRINGS_H 1
| #define HAVE_STRCASECMP 1
| #define HAVE_LOCALE_H 1
| #define HAVE_LOCALECONV 1
| #define HAVE_LONG_LONG 1
| #define HAVE_STRTOLL 1
| /* end confdefs.h.  */
| 
| /* Override any GCC internal prototype to avoid an error.
|    Use char because int might match the return type of a GCC
|    builtin and then its argument prototype would still apply.  */
| #ifdef __cplusplus
| extern "C"
| #endif
| char dlsym ();
| int
| main ()
| {
| return dlsym ();
|   ;
|   return 0;
| }
configure:7859: gcc -o conftest.exe  -mno-cygwin  -mno-cygwin  -mno-cygwin conftest.c -ldl   >&5
c:\mingw\bin\..\lib\gcc\mingw32\3.4.2\..\..\..\..\mingw32\bin\ld.exe: cannot find -ldl
collect2: ld returned 1 exit status
configure:7865: $? = 1
configure: failed program was:
| /* confdefs.h.  */
| #define PACKAGE_NAME ""
| #define PACKAGE_TARNAME ""
| #define PACKAGE_VERSION ""
| #define PACKAGE_STRING ""
| #define PACKAGE_BUGREPORT ""
| #define STDC_HEADERS 1
| #define HAVE_SYS_TYPES_H 1
| #define HAVE_SYS_STAT_H 1
| #define HAVE_STDLIB_H 1
| #define HAVE_STRING_H 1
| #define HAVE_MEMORY_H 1
| #define HAVE_STRINGS_H 1
| #define HAVE_INTTYPES_H 1
| #define HAVE_STDINT_H 1
| #define HAVE_UNISTD_H 1
| #define SIZEOF_SHORT 2
| #define SIZEOF_INT 4
| #define SIZEOF_LONG 4
| #define U16 unsigned short
| #define U32 unsigned
| #define HAVE_DIRENT_H 1
| #define HAVE_VSNPRINTF 1
| #define HAVE_SNPRINTF 1
| #define HAVE_STRINGS_H 1
| #define HAVE_STRCASECMP 1
| #define HAVE_LOCALE_H 1
| #define HAVE_LOCALECONV 1
| #define HAVE_LONG_LONG 1
| #define HAVE_STRTOLL 1
| /* end confdefs.h.  */
| 
| /* Override any GCC internal prototype to avoid an error.
|    Use char because int might match the return type of a GCC
|    builtin and then its argument prototype would still apply.  */
| #ifdef __cplusplus
| extern "C"
| #endif
| char dlsym ();
| int
| main ()
| {
| return dlsym ();
|   ;
|   return 0;
| }
configure:7893: result: no
configure:7914: checking dlfcn.h usability
configure:7931: gcc -c  -mno-cygwin  -mno-cygwin conftest.c >&5
conftest.c:65:19: dlfcn.h: No such file or directory
configure:7937: $? = 1
configure: failed program was:
| /* confdefs.h.  */
| #define PACKAGE_NAME ""
| #define PACKAGE_TARNAME ""
| #define PACKAGE_VERSION ""
| #define PACKAGE_STRING ""
| #define PACKAGE_BUGREPORT ""
| #define STDC_HEADERS 1
| #define HAVE_SYS_TYPES_H 1
| #define HAVE_SYS_STAT_H 1
| #define HAVE_STDLIB_H 1
| #define HAVE_STRING_H 1
| #define HAVE_MEMORY_H 1
| #define HAVE_STRINGS_H 1
| #define HAVE_INTTYPES_H 1
| #define HAVE_STDINT_H 1
| #define HAVE_UNISTD_H 1
| #define SIZEOF_SHORT 2
| #define SIZEOF_INT 4
| #define SIZEOF_LONG 4
| #define U16 unsigned short
| #define U32 unsigned
| #define HAVE_DIRENT_H 1
| #define HAVE_VSNPRINTF 1
| #define HAVE_SNPRINTF 1
| #define HAVE_STRINGS_H 1
| #define HAVE_STRCASECMP 1
| #define HAVE_LOCALE_H 1
| #define HAVE_LOCALECONV 1
| #define HAVE_LONG_LONG 1
| #define HAVE_STRTOLL 1
| /* end confdefs.h.  */
| #include <stdio.h>
| #ifdef HAVE_SYS_TYPES_H
| # include <sys/types.h>
| #endif
| #ifdef HAVE_SYS_STAT_H
| # include <sys/stat.h>
| #endif
| #ifdef STDC_HEADERS
| # include <stdlib.h>
| # include <stddef.h>
| #else
| # ifdef HAVE_STDLIB_H
| #  include <stdlib.h>
| # endif
| #endif
| #ifdef HAVE_STRING_H
| # if !defined STDC_HEADERS && defined HAVE_MEMORY_H
| #  include <memory.h>
| # endif
| # include <string.h>
| #endif
| #ifdef HAVE_STRINGS_H
| # include <strings.h>
| #endif
| #ifdef HAVE_INTTYPES_H
| # include <inttypes.h>
| #endif
| #ifdef HAVE_STDINT_H
| # include <stdint.h>
| #endif
| #ifdef HAVE_UNISTD_H
| # include <unistd.h>
| #endif
| #include <dlfcn.h>
configure:7951: result: no
configure:7955: checking dlfcn.h presence
configure:7970: gcc -E  -mno-cygwin conftest.c
conftest.c:32:19: dlfcn.h: No such file or directory
configure:7976: $? = 1
configure: failed program was:
| /* confdefs.h.  */
| #define PACKAGE_NAME ""
| #define PACKAGE_TARNAME ""
| #define PACKAGE_VERSION ""
| #define PACKAGE_STRING ""
| #define PACKAGE_BUGREPORT ""
| #define STDC_HEADERS 1
| #define HAVE_SYS_TYPES_H 1
| #define HAVE_SYS_STAT_H 1
| #define HAVE_STDLIB_H 1
| #define HAVE_STRING_H 1
| #define HAVE_MEMORY_H 1
| #define HAVE_STRINGS_H 1
| #define HAVE_INTTYPES_H 1
| #define HAVE_STDINT_H 1
| #define HAVE_UNISTD_H 1
| #define SIZEOF_SHORT 2
| #define SIZEOF_INT 4
| #define SIZEOF_LONG 4
| #define U16 unsigned short
| #define U32 unsigned
| #define HAVE_DIRENT_H 1
| #define HAVE_VSNPRINTF 1
| #define HAVE_SNPRINTF 1
| #define HAVE_STRINGS_H 1
| #define HAVE_STRCASECMP 1
| #define HAVE_LOCALE_H 1
| #define HAVE_LOCALECONV 1
| #define HAVE_LONG_LONG 1
| #define HAVE_STRTOLL 1
| /* end confdefs.h.  */
| #include <dlfcn.h>
configure:7990: result: no
configure:8018: checking for dlfcn.h
configure:8025: result: no
configure:8202: checking for jpeg_CreateCompress in -ljpeg
configure:8237: gcc -o conftest.exe  -mno-cygwin  -mno-cygwin  -mno-cygwin conftest.c -ljpeg   >&5
c:\mingw\bin\..\lib\gcc\mingw32\3.4.2\..\..\..\..\mingw32\bin\ld.exe: cannot find -ljpeg
collect2: ld returned 1 exit status
configure:8243: $? = 1
configure: failed program was:
| /* confdefs.h.  */
| #define PACKAGE_NAME ""
| #define PACKAGE_TARNAME ""
| #define PACKAGE_VERSION ""
| #define PACKAGE_STRING ""
| #define PACKAGE_BUGREPORT ""
| #define STDC_HEADERS 1
| #define HAVE_SYS_TYPES_H 1
| #define HAVE_SYS_STAT_H 1
| #define HAVE_STDLIB_H 1
| #define HAVE_STRING_H 1
| #define HAVE_MEMORY_H 1
| #define HAVE_STRINGS_H 1
| #define HAVE_INTTYPES_H 1
| #define HAVE_STDINT_H 1
| #define HAVE_UNISTD_H 1
| #define SIZEOF_SHORT 2
| #define SIZEOF_INT 4
| #define SIZEOF_LONG 4
| #define U16 unsigned short
| #define U32 unsigned
| #define HAVE_DIRENT_H 1
| #define HAVE_VSNPRINTF 1
| #define HAVE_SNPRINTF 1
| #define HAVE_STRINGS_H 1
| #define HAVE_STRCASECMP 1
| #define HAVE_LOCALE_H 1
| #define HAVE_LOCALECONV 1
| #define HAVE_LONG_LONG 1
| #define HAVE_STRTOLL 1
| /* end confdefs.h.  */
| 
| /* Override any GCC internal prototype to avoid an error.
|    Use char because int might match the return type of a GCC
|    builtin and then its argument prototype would still apply.  */
| #ifdef __cplusplus
| extern "C"
| #endif
| char jpeg_CreateCompress ();
| int
| main ()
| {
| return jpeg_CreateCompress ();
|   ;
|   return 0;
| }
configure:8261: result: no
configure:8295: checking for gzgets in -lz
configure:8330: gcc -o conftest.exe  -mno-cygwin  -mno-cygwin  -mno-cygwin conftest.c -lz   >&5
c:\mingw\bin\..\lib\gcc\mingw32\3.4.2\..\..\..\..\mingw32\bin\ld.exe: cannot find -lz
collect2: ld returned 1 exit status
configure:8336: $? = 1
configure: failed program was:
| /* confdefs.h.  */
| #define PACKAGE_NAME ""
| #define PACKAGE_TARNAME ""
| #define PACKAGE_VERSION ""
| #define PACKAGE_STRING ""
| #define PACKAGE_BUGREPORT ""
| #define STDC_HEADERS 1
| #define HAVE_SYS_TYPES_H 1
| #define HAVE_SYS_STAT_H 1
| #define HAVE_STDLIB_H 1
| #define HAVE_STRING_H 1
| #define HAVE_MEMORY_H 1
| #define HAVE_STRINGS_H 1
| #define HAVE_INTTYPES_H 1
| #define HAVE_STDINT_H 1
| #define HAVE_UNISTD_H 1
| #define SIZEOF_SHORT 2
| #define SIZEOF_INT 4
| #define SIZEOF_LONG 4
| #define U16 unsigned short
| #define U32 unsigned
| #define HAVE_DIRENT_H 1
| #define HAVE_VSNPRINTF 1
| #define HAVE_SNPRINTF 1
| #define HAVE_STRINGS_H 1
| #define HAVE_STRCASECMP 1
| #define HAVE_LOCALE_H 1
| #define HAVE_LOCALECONV 1
| #define HAVE_LONG_LONG 1
| #define HAVE_STRTOLL 1
| #define HAVE_LIBJPEG 1
| /* end confdefs.h.  */
| 
| /* Override any GCC internal prototype to avoid an error.
|    Use char because int might match the return type of a GCC
|    builtin and then its argument prototype would still apply.  */
| #ifdef __cplusplus
| extern "C"
| #endif
| char gzgets ();
| int
| main ()
| {
| return gzgets ();
|   ;
|   return 0;
| }
configure:8354: result: no
configure:8390: checking for png_set_tRNS_to_alpha in -lpng
configure:8425: gcc -o conftest.exe  -mno-cygwin  -mno-cygwin  -mno-cygwin conftest.c -lpng  -lfltk_z  >&5
c:\mingw\bin\..\lib\gcc\mingw32\3.4.2\..\..\..\..\mingw32\bin\ld.exe: cannot find -lpng
collect2: ld returned 1 exit status
configure:8431: $? = 1
configure: failed program was:
| /* confdefs.h.  */
| #define PACKAGE_NAME ""
| #define PACKAGE_TARNAME ""
| #define PACKAGE_VERSION ""
| #define PACKAGE_STRING ""
| #define PACKAGE_BUGREPORT ""
| #define STDC_HEADERS 1
| #define HAVE_SYS_TYPES_H 1
| #define HAVE_SYS_STAT_H 1
| #define HAVE_STDLIB_H 1
| #define HAVE_STRING_H 1
| #define HAVE_MEMORY_H 1
| #define HAVE_STRINGS_H 1
| #define HAVE_INTTYPES_H 1
| #define HAVE_STDINT_H 1
| #define HAVE_UNISTD_H 1
| #define SIZEOF_SHORT 2
| #define SIZEOF_INT 4
| #define SIZEOF_LONG 4
| #define U16 unsigned short
| #define U32 unsigned
| #define HAVE_DIRENT_H 1
| #define HAVE_VSNPRINTF 1
| #define HAVE_SNPRINTF 1
| #define HAVE_STRINGS_H 1
| #define HAVE_STRCASECMP 1
| #define HAVE_LOCALE_H 1
| #define HAVE_LOCALECONV 1
| #define HAVE_LONG_LONG 1
| #define HAVE_STRTOLL 1
| #define HAVE_LIBJPEG 1
| #define HAVE_LIBZ 1
| /* end confdefs.h.  */
| 
| /* Override any GCC internal prototype to avoid an error.
|    Use char because int might match the return type of a GCC
|    builtin and then its argument prototype would still apply.  */
| #ifdef __cplusplus
| extern "C"
| #endif
| char png_set_tRNS_to_alpha ();
| int
| main ()
| {
| return png_set_tRNS_to_alpha ();
|   ;
|   return 0;
| }
configure:8449: result: no
configure:8879: checking GL/gl.h usability
configure:8896: gcc -c -mwindows -DWIN32  -mno-cygwin  -mno-cygwin conftest.c >&5
configure:8902: $? = 0
configure:8916: result: yes
configure:8920: checking GL/gl.h presence
configure:8935: gcc -E  -mno-cygwin conftest.c
configure:8941: $? = 0
configure:8955: result: yes
configure:8983: checking for GL/gl.h
configure:8990: result: yes
configure:9013: checking GL/glu.h usability
configure:9030: gcc -c -mwindows -DWIN32  -mno-cygwin  -mno-cygwin conftest.c >&5
configure:9036: $? = 0
configure:9050: result: yes
configure:9054: checking GL/glu.h presence
configure:9069: gcc -E  -mno-cygwin conftest.c
configure:9075: $? = 0
configure:9089: result: yes
configure:9117: checking for GL/glu.h
configure:9124: result: yes
configure:11702: checking if GCC supports -fno-exceptions
configure:11727: gcc -c -mwindows -DWIN32  -mno-cygwin -fno-exceptions  -mno-cygwin conftest.c >&5
configure:11733: $? = 0
configure:11739: result: yes
configure:11753: checking if GCC supports -fno-strict-aliasing
configure:11778: gcc -c -mwindows -DWIN32  -mno-cygwin -fno-strict-aliasing  -mno-cygwin conftest.c >&5
configure:11784: $? = 0
configure:11790: result: yes
configure:12161: creating ./config.status

## ---------------------- ##
## Running config.status. ##
## ---------------------- ##

This file was extended by config.status, which was
generated by GNU Autoconf 2.61.  Invocation command line was

  CONFIG_FILES    = 
  CONFIG_HEADERS  = 
  CONFIG_LINKS    = 
  CONFIG_COMMANDS = 
  $ ./config.status 

on Chipilo

config.status:665: creating makeinclude
config.status:665: creating fltk.list
config.status:665: creating fltk-config
config.status:665: creating fltk.spec
config.status:665: creating FL/Makefile
config.status:665: creating config.h
config.status:906: config.h is unchanged

## ---------------- ##
## Cache variables. ##
## ---------------- ##

ac_cv_c_bigendian=no
ac_cv_c_compiler_gnu=yes
ac_cv_c_long_long=yes
ac_cv_cxx_bool=yes
ac_cv_cxx_compiler_gnu=yes
ac_cv_env_CCC_set=
ac_cv_env_CCC_value=
ac_cv_env_CC_set=
ac_cv_env_CC_value=
ac_cv_env_CFLAGS_set=
ac_cv_env_CFLAGS_value=
ac_cv_env_CPPFLAGS_set=
ac_cv_env_CPPFLAGS_value=
ac_cv_env_CPP_set=
ac_cv_env_CPP_value=
ac_cv_env_CXXFLAGS_set=
ac_cv_env_CXXFLAGS_value=
ac_cv_env_CXX_set=
ac_cv_env_CXX_value=
ac_cv_env_LDFLAGS_set=
ac_cv_env_LDFLAGS_value=
ac_cv_env_LIBS_set=
ac_cv_env_LIBS_value=
ac_cv_env_XMKMF_set=
ac_cv_env_XMKMF_value=
ac_cv_env_build_alias_set=
ac_cv_env_build_alias_value=
ac_cv_env_host_alias_set=
ac_cv_env_host_alias_value=
ac_cv_env_target_alias_set=
ac_cv_env_target_alias_value=
ac_cv_exeext=.exe
ac_cv_func_localeconv=yes
ac_cv_func_scandir=no
ac_cv_func_snprintf=yes
ac_cv_func_strcasecmp=yes
ac_cv_func_strlcat=no
ac_cv_func_strlcpy=no
ac_cv_func_strtoll=yes
ac_cv_func_vsnprintf=yes
ac_cv_header_GL_gl_h=yes
ac_cv_header_GL_glu_h=yes
ac_cv_header_dirent_dirent_h=yes
ac_cv_header_dlfcn_h=no
ac_cv_header_inttypes_h=yes
ac_cv_header_locale_h=yes
ac_cv_header_memory_h=yes
ac_cv_header_stdc=yes
ac_cv_header_stdint_h=yes
ac_cv_header_stdlib_h=yes
ac_cv_header_string_h=yes
ac_cv_header_strings_h=yes
ac_cv_header_sys_select_h=no
ac_cv_header_sys_stat_h=yes
ac_cv_header_sys_stdtypes_h=no
ac_cv_header_sys_types_h=yes
ac_cv_header_unistd_h=yes
ac_cv_lib_jpeg_jpeg_CreateCompress=no
ac_cv_lib_png_png_set_tRNS_to_alpha=no
ac_cv_lib_z_gzgets=no
ac_cv_objext=o
ac_cv_path_AR=/mingw/bin/ar
ac_cv_path_EGREP='/bin/grep -E'
ac_cv_path_GREP=/bin/grep
ac_cv_path_install='/bin/install -c'
ac_cv_prog_CPP='gcc -E'
ac_cv_prog_ac_ct_CC=gcc
ac_cv_prog_ac_ct_CXX=g++
ac_cv_prog_ac_ct_RANLIB=ranlib
ac_cv_prog_cc_c89=
ac_cv_prog_cc_g=yes
ac_cv_prog_cxx_g=yes
ac_cv_search_dlsym=no
ac_cv_search_opendir='none required'
ac_cv_search_pow='none required'
ac_cv_sizeof_int=4
ac_cv_sizeof_long=4
ac_cv_sizeof_short=2
ac_cv_sys_file_offset_bits=unknown
ac_cv_sys_large_files=unknown
ac_cv_sys_largefile_CC=no
ac_cv_type_int=yes
ac_cv_type_long=yes
ac_cv_type_short=yes

## ----------------- ##
## Output variables. ##
## ----------------- ##

AR='/mingw/bin/ar'
ARCHFLAGS=''
AUDIOLIBS='-lwinmm'
CAT1EXT='1'
CAT3EXT='3'
CAT6EXT='6'
CC='gcc'
CFLAGS='-mwindows -DWIN32  -mno-cygwin'
CPP='gcc -E'
CPPFLAGS=' -mno-cygwin'
CXX='g++'
CXXFLAGS='-mwindows -DWIN32  -mno-cygwin'
DEFS='-DHAVE_CONFIG_H'
DSOCOMMAND='echo'
DSOFLAGS='-mwindows  -mno-cygwin'
DSOLINK=''
DSONAME=''
ECHO_C=''
ECHO_N='-n'
ECHO_T=''
EGREP='/bin/grep -E'
EXEEXT='.exe'
FLDSONAME=''
FLLIBNAME='../lib/libfltk_forms.a'
FLUID='fluid'
FL_API_VERSION='1.1'
FL_MAJOR_VERSION='1'
FL_MINOR_VERSION='1'
FL_PATCH_VERSION='9'
FTCONFIG=''
GLDEMOS='gldemos'
GLDSONAME=''
GLLIB='-lglu32 -lopengl32'
GLLIBNAME='../lib/libfltk_gl.a'
GREP='/bin/grep'
GROFF=''
HLINKS='#'
HTMLDOC=''
IMAGELIBS='-lfltk_png -lfltk_z -lfltk_jpeg '
IMGDSONAME=''
IMGLIBNAME='../lib/libfltk_images.a'
INSTALL_DATA='${INSTALL} -m 644'
INSTALL_DESKTOP=''
INSTALL_PROGRAM='${INSTALL}'
INSTALL_SCRIPT='${INSTALL}'
JPEG='jpeg'
JPEGINC='-I../jpeg'
LARGEFILE=''
LDFLAGS='-mwindows  -mno-cygwin'
LIBCOMMAND='/mingw/bin/ar cr'
LIBEXT='.a'
LIBNAME='../lib/libfltk.a'
LIBOBJS=''
LIBS=' -lole32 -luuid -lcomctl32 -lwsock32'
LINKFLTK='../lib/libfltk.a'
LINKFLTKFORMS='../lib/libfltk_forms.a'
LINKFLTKGL='../lib/libfltk_gl.a'
LINKFLTKIMG='../lib/libfltk_images.a'
LINKSHARED='../lib/libfltk_images.a ../lib/libfltk_forms.a ../lib/libfltk.a'
LTLIBOBJS=''
MAKEDEPEND='$(CXX) -M'
NROFF=''
OBJEXT='o'
OPTIM=' -O3 -Wall -Wunused -Wno-format-y2k  -fno-exceptions -fno-strict-aliasing'
OSX_ONLY=':'
PACKAGE_BUGREPORT=''
PACKAGE_NAME=''
PACKAGE_STRING=''
PACKAGE_TARNAME=''
PACKAGE_VERSION=''
PATH_SEPARATOR=':'
PNG='png'
PNGINC='-I../png'
POSTBUILD=':'
PTHREAD_FLAGS=''
RANLIB='ranlib'
SHAREDSUFFIX=''
SHELL='/bin/sh'
THREADS=''
UNINSTALL_DESKTOP=''
XMKMF=''
XPROP=''
X_CFLAGS=''
X_EXTRA_LIBS=''
X_LIBS=''
X_PRE_LIBS=''
ZLIB='zlib'
ZLIBINC='-I../zlib'
ac_ct_CC='gcc'
ac_ct_CXX='g++'
bindir='${exec_prefix}/bin'
build_alias=''
datadir='${datarootdir}'
datarootdir='${prefix}/share'
docdir='${datarootdir}/doc/${PACKAGE}'
dvidir='${docdir}'
exec_prefix='${prefix}'
host_alias=''
htmldir='${docdir}'
includedir='${prefix}/include'
infodir='${datarootdir}/info'
libdir='${exec_prefix}/lib'
libexecdir='${exec_prefix}/libexec'
localedir='${datarootdir}/locale'
localstatedir='${prefix}/var'
mandir='${datarootdir}/man'
oldincludedir='/usr/include'
pdfdir='${docdir}'
prefix='/usr/local'
program_transform_name='s,x,x,'
psdir='${docdir}'
sbindir='${exec_prefix}/sbin'
sharedstatedir='${prefix}/com'
sysconfdir='${prefix}/etc'
target_alias=''

## ----------- ##
## confdefs.h. ##
## ----------- ##

#define PACKAGE_NAME ""
#define PACKAGE_TARNAME ""
#define PACKAGE_VERSION ""
#define PACKAGE_STRING ""
#define PACKAGE_BUGREPORT ""
#define STDC_HEADERS 1
#define HAVE_SYS_TYPES_H 1
#define HAVE_SYS_STAT_H 1
#define HAVE_STDLIB_H 1
#define HAVE_STRING_H 1
#define HAVE_MEMORY_H 1
#define HAVE_STRINGS_H 1
#define HAVE_INTTYPES_H 1
#define HAVE_STDINT_H 1
#define HAVE_UNISTD_H 1
#define SIZEOF_SHORT 2
#define SIZEOF_INT 4
#define SIZEOF_LONG 4
#define U16 unsigned short
#define U32 unsigned
#define HAVE_DIRENT_H 1
#define HAVE_VSNPRINTF 1
#define HAVE_SNPRINTF 1
#define HAVE_STRINGS_H 1
#define HAVE_STRCASECMP 1
#define HAVE_LOCALE_H 1
#define HAVE_LOCALECONV 1
#define HAVE_LONG_LONG 1
#define HAVE_STRTOLL 1
#define HAVE_LIBJPEG 1
#define HAVE_LIBZ 1
#define HAVE_LIBPNG 1
#define HAVE_PNG_H 1
#define U32 unsigned
#define HAVE_GL 1
#define HAVE_GL_GLU_H 1
#define FLTK_DOCDIR "/usr/local/share/doc/fltk"
#define FLTK_DATADIR "/usr/local/share/fltk"

configure: exit 0
